*** Starting uWSGI 2.0.12-debian (64bit) on [Fri Mar  6 15:13:47 2020] ***
compiled with version: 5.4.0 20160609 on 28 September 2018 15:49:44
os: Linux-4.15.0-45-generic #48~16.04.1-Ubuntu SMP Tue Jan 29 18:03:48 UTC 2019
nodename: qiaowei-Lenovo-M40-35
machine: x86_64
clock source: unix
pcre jit disabled
detected number of CPU cores: 4
current working directory: /home/qiaowei/桌面/AXF_project
writing pidfile to uwsgi.pid
detected binary path: /usr/bin/uwsgi-core
chdir() to /home/qiaowei/桌面/AXF_project
your processes number limit is 27231
your memory page size is 4096 bytes
detected max file descriptor number: 1024
lock engine: pthread robust mutexes
thunder lock: disabled (you can enable it with --thunder-lock)
The -s/--socket option is missing and stdin is not a socket.
*** Starting uWSGI 2.0.12-debian (64bit) on [Fri Mar  6 15:33:36 2020] ***
compiled with version: 5.4.0 20160609 on 28 September 2018 15:49:44
os: Linux-4.15.0-45-generic #48~16.04.1-Ubuntu SMP Tue Jan 29 18:03:48 UTC 2019
nodename: qiaowei-Lenovo-M40-35
machine: x86_64
clock source: unix
pcre jit disabled
detected number of CPU cores: 4
current working directory: /home/qiaowei/桌面/AXF_project
writing pidfile to uwsgi.pid
detected binary path: /usr/bin/uwsgi-core
chdir() to /home/qiaowei/桌面/AXF_project
your processes number limit is 27231
your memory page size is 4096 bytes
detected max file descriptor number: 1024
lock engine: pthread robust mutexes
thunder lock: disabled (you can enable it with --thunder-lock)
The -s/--socket option is missing and stdin is not a socket.
*** Starting uWSGI 2.0.12-debian (64bit) on [Fri Mar  6 15:34:01 2020] ***
compiled with version: 5.4.0 20160609 on 28 September 2018 15:49:44
os: Linux-4.15.0-45-generic #48~16.04.1-Ubuntu SMP Tue Jan 29 18:03:48 UTC 2019
nodename: qiaowei-Lenovo-M40-35
machine: x86_64
clock source: unix
pcre jit disabled
detected number of CPU cores: 4
current working directory: /home/qiaowei/桌面/AXF_project
writing pidfile to uwsgi.pid
detected binary path: /usr/bin/uwsgi-core
chdir() to /home/qiaowei/桌面/AXF_project
your processes number limit is 27231
your memory page size is 4096 bytes
detected max file descriptor number: 1024
lock engine: pthread robust mutexes
thunder lock: disabled (you can enable it with --thunder-lock)
The -s/--socket option is missing and stdin is not a socket.
*** Starting uWSGI 2.0.12-debian (64bit) on [Fri Mar  6 15:44:54 2020] ***
compiled with version: 5.4.0 20160609 on 28 September 2018 15:49:44
os: Linux-4.15.0-45-generic #48~16.04.1-Ubuntu SMP Tue Jan 29 18:03:48 UTC 2019
nodename: qiaowei-Lenovo-M40-35
machine: x86_64
clock source: unix
pcre jit disabled
detected number of CPU cores: 4
current working directory: /home/qiaowei/桌面/AXF_project
writing pidfile to uwsgi.pid
detected binary path: /usr/bin/uwsgi-core
chdir() to /home/qiaowei/桌面/AXF_project
your processes number limit is 27231
your memory page size is 4096 bytes
detected max file descriptor number: 1024
lock engine: pthread robust mutexes
thunder lock: disabled (you can enable it with --thunder-lock)
The -s/--socket option is missing and stdin is not a socket.
*** Starting uWSGI 2.0.12-debian (64bit) on [Fri Mar  6 19:39:27 2020] ***
compiled with version: 5.4.0 20160609 on 28 September 2018 15:49:44
os: Linux-4.15.0-45-generic #48~16.04.1-Ubuntu SMP Tue Jan 29 18:03:48 UTC 2019
nodename: qiaowei-Lenovo-M40-35
machine: x86_64
clock source: unix
pcre jit disabled
detected number of CPU cores: 4
current working directory: /home/qiaowei/桌面/AXF_project
writing pidfile to uwsgi.pid
detected binary path: /usr/bin/uwsgi-core
chdir() to /home/qiaowei/桌面/AXF_project
your processes number limit is 27231
your memory page size is 4096 bytes
detected max file descriptor number: 1024
lock engine: pthread robust mutexes
thunder lock: disabled (you can enable it with --thunder-lock)
The -s/--socket option is missing and stdin is not a socket.
